<?xml version="1.0" encoding="UTF-8"?>
<!-- Generated by org.testng.reporters.JUnitXMLReporter -->
<testsuite hostname="ind0003854" name="Test" tests="1" failures="1" timestamp="3 May 2019 03:58:02 GMT" time="2.257" errors="0">
  <testcase name="GETServiceTest" time="1.951" classname="com.madhub.demo.codingTest.TC1_GetServiceTest">
    <failure type="junit.framework.AssertionFailedError" message="[Validating Json Schema]: Json Schema validation failed">
      <![CDATA[junit.framework.AssertionFailedError: [Validating Json Schema]: Json Schema validation failed
	at junit.framework.Assert.fail(Assert.java:50)
	at core.ResponseValidators.validateGetResponse(ResponseValidators.java:69)
	at com.madhub.demo.codingTest.TC1_GetServiceTest.GETServiceTest(TC1_GetServiceTest.java:47)
... Removed 24 stack frames]]>
    </failure>
  </testcase> <!-- GETServiceTest -->
</testsuite> <!-- Test -->
