<?xml version="1.0" encoding="UTF-8"?>
<testng-results skipped="0" failed="0" total="1" passed="1">
  <reporter-output>
  </reporter-output>
  <suite name="Default suite" duration-ms="3318" started-at="2019-05-02T10:47:08Z" finished-at="2019-05-02T10:47:11Z">
    <groups>
    </groups>
    <test name="Default test" duration-ms="3318" started-at="2019-05-02T10:47:08Z" finished-at="2019-05-02T10:47:11Z">
      <class name="com.madhub.demo.codingTest.TC1_GetServiceTest">
        <test-method status="PASS" signature="initialization()[pri:0, instance:com.madhub.demo.codingTest.TC1_GetServiceTest@6ab7a896]" name="initialization" is-config="true" duration-ms="310" started-at="2019-05-02T16:17:08Z" finished-at="2019-05-02T16:17:08Z">
          <reporter-output>
          </reporter-output>
        </test-method> <!-- initialization -->
        <test-method status="PASS" signature="testGetService()[pri:0, instance:com.madhub.demo.codingTest.TC1_GetServiceTest@6ab7a896]" name="testGetService" duration-ms="2998" started-at="2019-05-02T16:17:08Z" finished-at="2019-05-02T16:17:11Z">
          <reporter-output>
          </reporter-output>
        </test-method> <!-- testGetService -->
      </class> <!-- com.madhub.demo.codingTest.TC1_GetServiceTest -->
    </test> <!-- Default test -->
  </suite> <!-- Default suite -->
</testng-results>
